D:\Works\OPRoS_V2_0\OprosDevelopment\IDE\ComponentSource\WheelControllerComp\Release\cl.command.1.tlog
D:\Works\OPRoS_V2_0\OprosDevelopment\IDE\ComponentSource\WheelControllerComp\Release\CL.read.1.tlog
D:\Works\OPRoS_V2_0\OprosDevelopment\IDE\ComponentSource\WheelControllerComp\Release\CL.write.1.tlog
D:\Works\OPRoS_V2_0\OprosDevelopment\IDE\ComponentSource\WheelControllerComp\Release\link.command.1.tlog
D:\Works\OPRoS_V2_0\OprosDevelopment\IDE\ComponentSource\WheelControllerComp\Release\link.read.1.tlog
D:\Works\OPRoS_V2_0\OprosDevelopment\IDE\ComponentSource\WheelControllerComp\Release\link.write.1.tlog
D:\Works\OPRoS_V2_0\OprosDevelopment\IDE\ComponentSource\WheelControllerComp\Release\link-cvtres.read.1.tlog
D:\Works\OPRoS_V2_0\OprosDevelopment\IDE\ComponentSource\WheelControllerComp\Release\link-cvtres.write.1.tlog
D:\Works\OPRoS_V2_0\OprosDevelopment\IDE\ComponentSource\WheelControllerComp\Release\mt.command.1.tlog
D:\Works\OPRoS_V2_0\OprosDevelopment\IDE\ComponentSource\WheelControllerComp\Release\mt.read.1.tlog
D:\Works\OPRoS_V2_0\OprosDevelopment\IDE\ComponentSource\WheelControllerComp\Release\mt.write.1.tlog
D:\Works\OPRoS_V2_0\OprosDevelopment\IDE\ComponentSource\WheelControllerComp\Release\rc.command.1.tlog
D:\Works\OPRoS_V2_0\OprosDevelopment\IDE\ComponentSource\WheelControllerComp\Release\rc.read.1.tlog
D:\Works\OPRoS_V2_0\OprosDevelopment\IDE\ComponentSource\WheelControllerComp\Release\rc.write.1.tlog
D:\Works\OPRoS_V2_0\OprosDevelopment\IDE\ComponentSource\WheelControllerComp\Release\vc100.pdb
D:\WORKS\OPROS_V2_0\OPROSDEVELOPMENT\IDE\COMPONENTSOURCE\WHEELCONTROLLERCOMP\RELEASE\WHEELCONTROLLERCOMP.DLL.EMBED.MANIFEST
D:\WORKS\OPROS_V2_0\OPROSDEVELOPMENT\IDE\COMPONENTSOURCE\WHEELCONTROLLERCOMP\RELEASE\WHEELCONTROLLERCOMP.DLL.EMBED.MANIFEST.RES
D:\WORKS\OPROS_V2_0\OPROSDEVELOPMENT\IDE\COMPONENTSOURCE\WHEELCONTROLLERCOMP\RELEASE\WHEELCONTROLLERCOMP.DLL.INTERMEDIATE.MANIFEST
D:\Works\OPRoS_V2_0\OprosDevelopment\IDE\ComponentSource\WheelControllerComp\Release\WheelControllerComp.obj
D:\Works\OPRoS_V2_0\OprosDevelopment\IDE\ComponentSource\WheelControllerComp\Release\WheelControllerComp.write.1.tlog
D:\Works\OPRoS_V2_0\OprosDevelopment\IDE\ComponentSource\WheelControllerComp\Release\WheelControllerComp_manifest.rc
D:\WORKS\OPROS_V2_0\RELEASE\WHEELCONTROLLERCOMP.DLL
D:\Works\OPRoS_V2_0\Release\WheelControllerComp.exp
D:\Works\OPRoS_V2_0\Release\WheelControllerComp.lib
D:\WORKS\OPROS_V2_0\RELEASE\WHEELCONTROLLERCOMP.PDB
