D:\WORKS\OPROS_V2_0\DEBUG\WHEELCONTROLLERCOMP.DLL
D:\Works\OPRoS_V2_0\Debug\WheelControllerComp.exp
D:\WORKS\OPROS_V2_0\DEBUG\WHEELCONTROLLERCOMP.ILK
D:\Works\OPRoS_V2_0\Debug\WheelControllerComp.lib
D:\WORKS\OPROS_V2_0\DEBUG\WHEELCONTROLLERCOMP.PDB
D:\WORKS\OPROS_V2_0\OPROSDEVELOPMENT\IDE\COMPONENTSOURCE\WHEELCONTROLLERCOMP\DEBUG\VC100.PDB
D:\WORKS\OPROS_V2_0\OPROSDEVELOPMENT\IDE\COMPONENTSOURCE\WHEELCONTROLLERCOMP\DEBUG\WHEELCONTROLLERCOMP.DLL.EMBED.MANIFEST
D:\WORKS\OPROS_V2_0\OPROSDEVELOPMENT\IDE\COMPONENTSOURCE\WHEELCONTROLLERCOMP\DEBUG\WHEELCONTROLLERCOMP.DLL.EMBED.MANIFEST.RES
D:\WORKS\OPROS_V2_0\OPROSDEVELOPMENT\IDE\COMPONENTSOURCE\WHEELCONTROLLERCOMP\DEBUG\WHEELCONTROLLERCOMP.DLL.INTERMEDIATE.MANIFEST
D:\WORKS\OPROS_V2_0\OPROSDEVELOPMENT\IDE\COMPONENTSOURCE\WHEELCONTROLLERCOMP\DEBUG\WHEELCONTROLLERCOMP.OBJ
E:\Works\OPRoS_V2_0\Debug\WheelControllerComp.dll
E:\Works\OPRoS_V2_0\Debug\WheelControllerComp.ilk
E:\Works\OPRoS_V2_0\Debug\WheelControllerComp.pdb
E:\Works\OPRoS_V2_0\OprosDevelopment\IDE\ComponentSource\WheelControllerComp\Debug\cl.command.1.tlog
E:\Works\OPRoS_V2_0\OprosDevelopment\IDE\ComponentSource\WheelControllerComp\Debug\CL.read.1.tlog
E:\Works\OPRoS_V2_0\OprosDevelopment\IDE\ComponentSource\WheelControllerComp\Debug\CL.write.1.tlog
E:\Works\OPRoS_V2_0\OprosDevelopment\IDE\ComponentSource\WheelControllerComp\Debug\link.2476.read.1.tlog
E:\Works\OPRoS_V2_0\OprosDevelopment\IDE\ComponentSource\WheelControllerComp\Debug\link.2476.write.1.tlog
E:\Works\OPRoS_V2_0\OprosDevelopment\IDE\ComponentSource\WheelControllerComp\Debug\link.2476-cvtres.read.1.tlog
E:\Works\OPRoS_V2_0\OprosDevelopment\IDE\ComponentSource\WheelControllerComp\Debug\link.2476-cvtres.write.1.tlog
E:\Works\OPRoS_V2_0\OprosDevelopment\IDE\ComponentSource\WheelControllerComp\Debug\link.command.1.tlog
E:\Works\OPRoS_V2_0\OprosDevelopment\IDE\ComponentSource\WheelControllerComp\Debug\link.read.1.tlog
E:\Works\OPRoS_V2_0\OprosDevelopment\IDE\ComponentSource\WheelControllerComp\Debug\link.write.1.tlog
E:\Works\OPRoS_V2_0\OprosDevelopment\IDE\ComponentSource\WheelControllerComp\Debug\link-cvtres.read.1.tlog
E:\Works\OPRoS_V2_0\OprosDevelopment\IDE\ComponentSource\WheelControllerComp\Debug\link-cvtres.write.1.tlog
E:\Works\OPRoS_V2_0\OprosDevelopment\IDE\ComponentSource\WheelControllerComp\Debug\mt.command.1.tlog
E:\Works\OPRoS_V2_0\OprosDevelopment\IDE\ComponentSource\WheelControllerComp\Debug\mt.read.1.tlog
E:\Works\OPRoS_V2_0\OprosDevelopment\IDE\ComponentSource\WheelControllerComp\Debug\mt.write.1.tlog
E:\Works\OPRoS_V2_0\OprosDevelopment\IDE\ComponentSource\WheelControllerComp\Debug\rc.command.1.tlog
E:\Works\OPRoS_V2_0\OprosDevelopment\IDE\ComponentSource\WheelControllerComp\Debug\rc.read.1.tlog
E:\Works\OPRoS_V2_0\OprosDevelopment\IDE\ComponentSource\WheelControllerComp\Debug\rc.write.1.tlog
E:\Works\OPRoS_V2_0\OprosDevelopment\IDE\ComponentSource\WheelControllerComp\Debug\vc100.idb
E:\Works\OPRoS_V2_0\OprosDevelopment\IDE\ComponentSource\WheelControllerComp\Debug\vc100.pdb
E:\Works\OPRoS_V2_0\OprosDevelopment\IDE\ComponentSource\WheelControllerComp\Debug\WheelControllerComp.dll.embed.manifest
E:\Works\OPRoS_V2_0\OprosDevelopment\IDE\ComponentSource\WheelControllerComp\Debug\WheelControllerComp.dll.embed.manifest.res
E:\Works\OPRoS_V2_0\OprosDevelopment\IDE\ComponentSource\WheelControllerComp\Debug\WheelControllerComp.dll.intermediate.manifest
E:\Works\OPRoS_V2_0\OprosDevelopment\IDE\ComponentSource\WheelControllerComp\Debug\WheelControllerComp.obj
E:\Works\OPRoS_V2_0\OprosDevelopment\IDE\ComponentSource\WheelControllerComp\Debug\WheelControllerComp.write.1.tlog
E:\Works\OPRoS_V2_0\OprosDevelopment\IDE\ComponentSource\WheelControllerComp\Debug\WheelControllerComp_manifest.rc
